2012-10-13 14:20:15 Starting solr using command: /usr/bin/java  -Dsolr.solr.home=/var/zh-solr-se/solr/solr -Xms768M -Xmx2048M -Duser.timezone=GMT -DSTOP.PORT=8984 -DSTOP.KEY=some-key  -jar start.jar 
2012-10-13 6:20:16 sun.reflect.NativeMethodAccessorImpl invoke0
信息: Logging to org.slf4j.impl.JDK14LoggerAdapter(org.mortbay.log) via org.mortbay.log.Slf4jLog
2012-10-13 6:20:16 sun.reflect.NativeMethodAccessorImpl invoke0
信息: jetty-6.1.3
2012-10-13 6:20:16 sun.reflect.NativeMethodAccessorImpl invoke0
信息: Extract jar:file:/var/zh-solr-se/solr/webapps/solr.war!/ to /var/zh-solr-se/solr/work/Jetty_0_0_0_0_8983_solr.war__solr__k1kf17/webapp
2012-10-13 6:20:16 org.apache.solr.core.SolrResourceLoader locateSolrHome
信息: JNDI not configured for solr (NoInitialContextEx)
2012-10-13 6:20:16 org.apache.solr.core.SolrResourceLoader locateSolrHome
信息: using system property solr.solr.home: /var/zh-solr-se/solr/solr
2012-10-13 6:20:16 org.apache.solr.core.SolrResourceLoader <init>
信息: Solr home set to '/var/zh-solr-se/solr/solr/'
2012-10-13 6:20:16 org.apache.solr.core.SolrResourceLoader replaceClassLoader
信息: Adding 'file:/var/zh-solr-se/solr/solr/lib/mysql-connector-java-3.0.16-ga-bin.jar' to classloader
2012-10-13 6:20:16 org.apache.solr.core.SolrResourceLoader replaceClassLoader
信息: Adding 'file:/var/zh-solr-se/solr/solr/lib/localsolr.jar' to classloader
2012-10-13 6:20:16 org.apache.solr.core.SolrResourceLoader replaceClassLoader
信息: Adding 'file:/var/zh-solr-se/solr/solr/lib/locallucene.jar' to classloader
2012-10-13 6:20:16 org.apache.solr.core.SolrResourceLoader replaceClassLoader
信息: Adding 'file:/var/zh-solr-se/solr/solr/lib/gt2-referencing-2.3.1.jar' to classloader
2012-10-13 6:20:16 org.apache.solr.core.SolrResourceLoader replaceClassLoader
信息: Adding 'file:/var/zh-solr-se/solr/solr/lib/position-filter.jar' to classloader
2012-10-13 6:20:16 org.apache.solr.core.SolrResourceLoader replaceClassLoader
信息: Adding 'file:/var/zh-solr-se/solr/solr/lib/jsr108-0.01.jar' to classloader
2012-10-13 6:20:16 org.apache.solr.core.SolrResourceLoader replaceClassLoader
信息: Adding 'file:/var/zh-solr-se/solr/solr/lib/geoapi-nogenerics-2.1-M2.jar' to classloader
2012-10-13 6:20:16 org.apache.solr.servlet.SolrDispatchFilter init
信息: SolrDispatchFilter.init()
2012-10-13 6:20:16 org.apache.solr.core.SolrResourceLoader locateSolrHome
信息: JNDI not configured for solr (NoInitialContextEx)
2012-10-13 6:20:16 org.apache.solr.core.SolrResourceLoader locateSolrHome
信息: using system property solr.solr.home: /var/zh-solr-se/solr/solr
2012-10-13 6:20:16 org.apache.solr.core.CoreContainer$Initializer initialize
信息: looking for solr.xml: /var/zh-solr-se/solr/solr/solr.xml
2012-10-13 6:20:16 org.apache.solr.core.SolrResourceLoader locateSolrHome
信息: JNDI not configured for solr (NoInitialContextEx)
2012-10-13 6:20:16 org.apache.solr.core.SolrResourceLoader locateSolrHome
信息: using system property solr.solr.home: /var/zh-solr-se/solr/solr
2012-10-13 6:20:16 org.apache.solr.core.SolrResourceLoader <init>
信息: Solr home set to '/var/zh-solr-se/solr/solr/'
2012-10-13 6:20:16 org.apache.solr.core.SolrResourceLoader replaceClassLoader
信息: Adding 'file:/var/zh-solr-se/solr/solr/lib/mysql-connector-java-3.0.16-ga-bin.jar' to classloader
2012-10-13 6:20:16 org.apache.solr.core.SolrResourceLoader replaceClassLoader
信息: Adding 'file:/var/zh-solr-se/solr/solr/lib/localsolr.jar' to classloader
2012-10-13 6:20:16 org.apache.solr.core.SolrResourceLoader replaceClassLoader
信息: Adding 'file:/var/zh-solr-se/solr/solr/lib/locallucene.jar' to classloader
2012-10-13 6:20:16 org.apache.solr.core.SolrResourceLoader replaceClassLoader
信息: Adding 'file:/var/zh-solr-se/solr/solr/lib/gt2-referencing-2.3.1.jar' to classloader
2012-10-13 6:20:16 org.apache.solr.core.SolrResourceLoader replaceClassLoader
信息: Adding 'file:/var/zh-solr-se/solr/solr/lib/position-filter.jar' to classloader
2012-10-13 6:20:16 org.apache.solr.core.SolrResourceLoader replaceClassLoader
信息: Adding 'file:/var/zh-solr-se/solr/solr/lib/jsr108-0.01.jar' to classloader
2012-10-13 6:20:16 org.apache.solr.core.SolrResourceLoader replaceClassLoader
信息: Adding 'file:/var/zh-solr-se/solr/solr/lib/geoapi-nogenerics-2.1-M2.jar' to classloader
2012-10-13 6:20:16 org.apache.solr.core.CoreContainer load
信息: loading shared library: /var/zh-solr-se/solr/solr/lib
2012-10-13 6:20:16 org.apache.solr.core.SolrResourceLoader replaceClassLoader
信息: Adding 'file:/var/zh-solr-se/solr/solr/lib/mysql-connector-java-3.0.16-ga-bin.jar' to classloader
2012-10-13 6:20:16 org.apache.solr.core.SolrResourceLoader replaceClassLoader
信息: Adding 'file:/var/zh-solr-se/solr/solr/lib/localsolr.jar' to classloader
2012-10-13 6:20:16 org.apache.solr.core.SolrResourceLoader replaceClassLoader
信息: Adding 'file:/var/zh-solr-se/solr/solr/lib/locallucene.jar' to classloader
2012-10-13 6:20:16 org.apache.solr.core.SolrResourceLoader replaceClassLoader
信息: Adding 'file:/var/zh-solr-se/solr/solr/lib/gt2-referencing-2.3.1.jar' to classloader
2012-10-13 6:20:16 org.apache.solr.core.SolrResourceLoader replaceClassLoader
信息: Adding 'file:/var/zh-solr-se/solr/solr/lib/position-filter.jar' to classloader
2012-10-13 6:20:16 org.apache.solr.core.SolrResourceLoader replaceClassLoader
信息: Adding 'file:/var/zh-solr-se/solr/solr/lib/jsr108-0.01.jar' to classloader
2012-10-13 6:20:16 org.apache.solr.core.SolrResourceLoader replaceClassLoader
信息: Adding 'file:/var/zh-solr-se/solr/solr/lib/geoapi-nogenerics-2.1-M2.jar' to classloader
2012-10-13 6:20:16 org.apache.solr.core.SolrResourceLoader <init>
信息: Solr home set to '/var/zh-solr-se/solr/solr/core-chinese/'
2012-10-13 6:20:17 org.apache.solr.core.SolrConfig <init>
信息: Loaded SolrConfig: solrconfig.xml
2012-10-13 6:20:17 org.apache.solr.schema.IndexSchema readSchema
信息: Reading Solr Schema
2012-10-13 6:20:17 org.apache.solr.schema.IndexSchema readSchema
信息: Schema name=chinese
2012-10-13 6:20:17 org.apache.solr.util.plugin.AbstractPluginLoader load
信息: created string: org.apache.solr.schema.StrField
2012-10-13 6:20:17 org.apache.solr.util.plugin.AbstractPluginLoader load
信息: created boolean: org.apache.solr.schema.BoolField
2012-10-13 6:20:17 org.apache.solr.util.plugin.AbstractPluginLoader load
信息: created integer: org.apache.solr.schema.IntField
2012-10-13 6:20:17 org.apache.solr.util.plugin.AbstractPluginLoader load
信息: created long: org.apache.solr.schema.LongField
2012-10-13 6:20:17 org.apache.solr.util.plugin.AbstractPluginLoader load
信息: created float: org.apache.solr.schema.FloatField
2012-10-13 6:20:17 org.apache.solr.util.plugin.AbstractPluginLoader load
信息: created double: org.apache.solr.schema.DoubleField
2012-10-13 6:20:17 org.apache.solr.util.plugin.AbstractPluginLoader load
信息: created sint: org.apache.solr.schema.SortableIntField
2012-10-13 6:20:17 org.apache.solr.util.plugin.AbstractPluginLoader load
信息: created slong: org.apache.solr.schema.SortableLongField
2012-10-13 6:20:17 org.apache.solr.util.plugin.AbstractPluginLoader load
信息: created sfloat: org.apache.solr.schema.SortableFloatField
2012-10-13 6:20:17 org.apache.solr.util.plugin.AbstractPluginLoader load
信息: created sdouble: org.apache.solr.schema.SortableDoubleField
2012-10-13 6:20:17 org.apache.solr.util.plugin.AbstractPluginLoader load
信息: created date: org.apache.solr.schema.DateField
2012-10-13 6:20:17 org.apache.solr.util.plugin.AbstractPluginLoader load
信息: created random: org.apache.solr.schema.RandomSortField
2012-10-13 6:20:17 org.apache.solr.util.plugin.AbstractPluginLoader load
信息: created null: org.apache.solr.analysis.WhitespaceTokenizerFactory
2012-10-13 6:20:17 org.apache.solr.util.plugin.AbstractPluginLoader load
信息: created text_ws: org.apache.solr.schema.TextField
2012-10-13 6:20:17 org.apache.solr.util.plugin.AbstractPluginLoader load
信息: created null: net.paoding.analysis.analyzer.ChineseTokenizerFactory
2012-10-13 6:20:17 org.apache.solr.util.plugin.AbstractPluginLoader load
信息: created null: org.apache.solr.analysis.SynonymFilterFactory
2012-10-13 6:20:17 org.apache.solr.util.plugin.AbstractPluginLoader load
信息: created null: org.apache.solr.analysis.StopFilterFactory
2012-10-13 6:20:17 org.apache.solr.util.plugin.AbstractPluginLoader load
信息: created null: org.apache.solr.analysis.WordDelimiterFilterFactory
2012-10-13 6:20:17 org.apache.solr.util.plugin.AbstractPluginLoader load
信息: created null: org.apache.solr.analysis.LowerCaseFilterFactory
2012-10-13 6:20:17 org.apache.solr.util.plugin.AbstractPluginLoader load
信息: created null: org.apache.solr.analysis.EnglishPorterFilterFactory
2012-10-13 6:20:17 org.apache.solr.util.plugin.AbstractPluginLoader load
信息: created null: org.apache.solr.analysis.RemoveDuplicatesTokenFilterFactory
2012-10-13 6:20:17 org.apache.solr.util.plugin.AbstractPluginLoader load
信息: created null: net.paoding.analysis.analyzer.ChineseTokenizerFactory
2012-10-13 6:20:17 org.apache.solr.util.plugin.AbstractPluginLoader load
信息: created null: org.apache.solr.analysis.StopFilterFactory
2012-10-13 6:20:17 org.apache.solr.util.plugin.AbstractPluginLoader load
信息: created null: org.apache.solr.analysis.WordDelimiterFilterFactory
2012-10-13 6:20:17 org.apache.solr.util.plugin.AbstractPluginLoader load
信息: created null: org.apache.solr.analysis.LowerCaseFilterFactory
2012-10-13 6:20:17 org.apache.solr.util.plugin.AbstractPluginLoader load
信息: created null: org.apache.solr.analysis.EnglishPorterFilterFactory
2012-10-13 6:20:17 org.apache.solr.util.plugin.AbstractPluginLoader load
信息: created null: org.apache.solr.analysis.RemoveDuplicatesTokenFilterFactory
2012-10-13 6:20:17 org.apache.solr.util.plugin.AbstractPluginLoader load
信息: created text: org.apache.solr.schema.TextField
2012-10-13 6:20:17 org.apache.solr.util.plugin.AbstractPluginLoader load
信息: created null: org.apache.solr.analysis.WhitespaceTokenizerFactory
2012-10-13 6:20:17 org.apache.solr.util.plugin.AbstractPluginLoader load
信息: created null: org.apache.solr.analysis.PatternReplaceFilterFactory
2012-10-13 6:20:17 org.apache.solr.util.plugin.AbstractPluginLoader load
信息: created null: org.apache.solr.analysis.LowerCaseFilterFactory
2012-10-13 6:20:17 org.apache.solr.util.plugin.AbstractPluginLoader load
信息: created null: org.apache.solr.analysis.EnglishPorterFilterFactory
2012-10-13 6:20:17 org.apache.solr.util.plugin.AbstractPluginLoader load
信息: created null: org.apache.solr.analysis.WhitespaceTokenizerFactory
2012-10-13 6:20:17 org.apache.solr.util.plugin.AbstractPluginLoader load
信息: created null: org.apache.solr.analysis.PatternReplaceFilterFactory
2012-10-13 6:20:17 org.apache.solr.util.plugin.AbstractPluginLoader load
信息: created null: org.apache.solr.analysis.LowerCaseFilterFactory
2012-10-13 6:20:17 org.apache.solr.util.plugin.AbstractPluginLoader load
信息: created null: org.apache.solr.analysis.EnglishPorterFilterFactory
2012-10-13 6:20:17 org.apache.solr.util.plugin.AbstractPluginLoader load
信息: created exact_match_contains: org.apache.solr.schema.TextField
2012-10-13 6:20:17 org.apache.solr.util.plugin.AbstractPluginLoader load
信息: created null: org.apache.solr.analysis.KeywordTokenizerFactory
2012-10-13 6:20:17 org.apache.solr.util.plugin.AbstractPluginLoader load
信息: created null: org.apache.solr.analysis.LowerCaseFilterFactory
2012-10-13 6:20:17 org.apache.solr.util.plugin.AbstractPluginLoader load
信息: created null: org.apache.solr.analysis.EnglishPorterFilterFactory
2012-10-13 6:20:17 org.apache.solr.util.plugin.AbstractPluginLoader load
信息: created null: org.apache.solr.analysis.KeywordTokenizerFactory
2012-10-13 6:20:17 org.apache.solr.util.plugin.AbstractPluginLoader load
信息: created null: org.apache.solr.analysis.LowerCaseFilterFactory
2012-10-13 6:20:17 org.apache.solr.util.plugin.AbstractPluginLoader load
信息: created null: org.apache.solr.analysis.EnglishPorterFilterFactory
2012-10-13 6:20:17 org.apache.solr.util.plugin.AbstractPluginLoader load
信息: created exact_match_equals: org.apache.solr.schema.TextField
2012-10-13 6:20:17 org.apache.solr.util.plugin.AbstractPluginLoader load
信息: created null: org.apache.solr.analysis.WhitespaceTokenizerFactory
2012-10-13 6:20:17 org.apache.solr.util.plugin.AbstractPluginLoader load
信息: created null: org.apache.solr.analysis.SynonymFilterFactory
2012-10-13 6:20:17 org.apache.solr.util.plugin.AbstractPluginLoader load
信息: created null: org.apache.solr.analysis.StopFilterFactory
2012-10-13 6:20:17 org.apache.solr.util.plugin.AbstractPluginLoader load
信息: created null: org.apache.solr.analysis.WordDelimiterFilterFactory
2012-10-13 6:20:17 org.apache.solr.util.plugin.AbstractPluginLoader load
信息: created null: org.apache.solr.analysis.LowerCaseFilterFactory
2012-10-13 6:20:17 org.apache.solr.util.plugin.AbstractPluginLoader load
信息: created null: org.apache.solr.analysis.EnglishPorterFilterFactory
2012-10-13 6:20:17 org.apache.solr.util.plugin.AbstractPluginLoader load
信息: created null: org.apache.solr.analysis.RemoveDuplicatesTokenFilterFactory
2012-10-13 6:20:17 org.apache.solr.util.plugin.AbstractPluginLoader load
信息: created textTight: org.apache.solr.schema.TextField
2012-10-13 6:20:17 org.apache.solr.util.plugin.AbstractPluginLoader load
信息: created null: org.apache.solr.analysis.WhitespaceTokenizerFactory
2012-10-13 6:20:17 org.apache.solr.util.plugin.AbstractPluginLoader load
信息: created null: org.apache.solr.analysis.SynonymFilterFactory
2012-10-13 6:20:17 org.apache.solr.util.plugin.AbstractPluginLoader load
信息: created null: org.apache.solr.analysis.StopFilterFactory
2012-10-13 6:20:17 org.apache.solr.util.plugin.AbstractPluginLoader load
信息: created null: org.apache.solr.analysis.WordDelimiterFilterFactory
2012-10-13 6:20:17 org.apache.solr.util.plugin.AbstractPluginLoader load
信息: created null: org.apache.solr.analysis.LowerCaseFilterFactory
2012-10-13 6:20:17 org.apache.solr.util.plugin.AbstractPluginLoader load
信息: created null: org.apache.solr.analysis.EnglishPorterFilterFactory
2012-10-13 6:20:17 org.apache.solr.util.plugin.AbstractPluginLoader load
信息: created null: org.apache.solr.analysis.RemoveDuplicatesTokenFilterFactory
2012-10-13 6:20:17 org.apache.solr.util.plugin.AbstractPluginLoader load
信息: created null: org.apache.solr.analysis.ShingleFilterFactory
2012-10-13 6:20:17 org.apache.solr.util.plugin.AbstractPluginLoader load
信息: created null: org.apache.solr.analysis.PositionFilterFactory
2012-10-13 6:20:17 org.apache.solr.util.plugin.AbstractPluginLoader load
信息: created null: org.apache.solr.analysis.WhitespaceTokenizerFactory
2012-10-13 6:20:17 org.apache.solr.util.plugin.AbstractPluginLoader load
信息: created null: org.apache.solr.analysis.StopFilterFactory
2012-10-13 6:20:17 org.apache.solr.util.plugin.AbstractPluginLoader load
信息: created null: org.apache.solr.analysis.WordDelimiterFilterFactory
2012-10-13 6:20:17 org.apache.solr.util.plugin.AbstractPluginLoader load
信息: created null: org.apache.solr.analysis.LowerCaseFilterFactory
2012-10-13 6:20:17 org.apache.solr.util.plugin.AbstractPluginLoader load
信息: created null: org.apache.solr.analysis.EnglishPorterFilterFactory
2012-10-13 6:20:17 org.apache.solr.util.plugin.AbstractPluginLoader load
信息: created null: org.apache.solr.analysis.RemoveDuplicatesTokenFilterFactory
2012-10-13 6:20:17 org.apache.solr.util.plugin.AbstractPluginLoader load
信息: created shingleText: org.apache.solr.schema.TextField
2012-10-13 6:20:17 org.apache.solr.util.plugin.AbstractPluginLoader load
信息: created null: org.apache.solr.analysis.StandardTokenizerFactory
2012-10-13 6:20:17 org.apache.solr.util.plugin.AbstractPluginLoader load
信息: created null: org.apache.solr.analysis.LowerCaseFilterFactory
2012-10-13 6:20:17 org.apache.solr.util.plugin.AbstractPluginLoader load
信息: created null: org.apache.solr.analysis.RemoveDuplicatesTokenFilterFactory
2012-10-13 6:20:17 org.apache.solr.util.plugin.AbstractPluginLoader load
信息: created textSpell: org.apache.solr.schema.TextField
2012-10-13 6:20:17 org.apache.solr.util.plugin.AbstractPluginLoader load
信息: created null: org.apache.solr.analysis.KeywordTokenizerFactory
2012-10-13 6:20:17 org.apache.solr.util.plugin.AbstractPluginLoader load
信息: created null: org.apache.solr.analysis.LowerCaseFilterFactory
2012-10-13 6:20:17 org.apache.solr.util.plugin.AbstractPluginLoader load
信息: created null: org.apache.solr.analysis.TrimFilterFactory
2012-10-13 6:20:17 org.apache.solr.util.plugin.AbstractPluginLoader load
信息: created null: org.apache.solr.analysis.PatternReplaceFilterFactory
2012-10-13 6:20:17 org.apache.solr.util.plugin.AbstractPluginLoader load
信息: created alphaOnlySort: org.apache.solr.schema.TextField
2012-10-13 6:20:17 org.apache.solr.util.plugin.AbstractPluginLoader load
信息: created ignored: org.apache.solr.schema.StrField
2012-10-13 6:20:17 org.apache.solr.schema.IndexSchema readSchema
信息: default search field is chinese_content
2012-10-13 6:20:17 org.apache.solr.schema.IndexSchema readSchema
信息: query parser default operator is OR
2012-10-13 6:20:17 org.apache.solr.schema.IndexSchema readSchema
信息: unique key field: chinese_id
2012-10-13 6:20:17 org.apache.solr.core.SolrCore <init>
信息: [core-chinese] Opening new SolrCore at /var/zh-solr-se/solr/solr/core-chinese/, dataDir=./solr/core-chinese/data/
2012-10-13 6:20:17 org.apache.solr.core.JmxMonitoredMap <init>
信息: No JMX servers found, not exposing Solr information with JMX.
2012-10-13 6:20:17 org.apache.solr.core.SolrCore initListeners
信息: [core-chinese] Added SolrEventListener: org.apache.solr.core.QuerySenderListener{queries=[{q=fs,start=0,rows=10}]}
2012-10-13 6:20:17 org.apache.solr.core.SolrCore initListeners
信息: [core-chinese] Added SolrEventListener: org.apache.solr.core.QuerySenderListener{queries=[{q=fast_warm,start=0,rows=10}]}
2012-10-13 6:20:17 org.apache.solr.core.RequestHandlers initHandlersFromConfig
信息: created standard: solr.SearchHandler
2012-10-13 6:20:17 org.apache.solr.core.RequestHandlers initHandlersFromConfig
信息: created dismax: solr.SearchHandler
2012-10-13 6:20:17 org.apache.solr.core.RequestHandlers initHandlersFromConfig
信息: adding lazy requestHandler: solr.SearchHandler
2012-10-13 6:20:17 org.apache.solr.core.RequestHandlers initHandlersFromConfig
信息: created /elevate: solr.SearchHandler
2012-10-13 6:20:17 org.apache.solr.core.RequestHandlers initHandlersFromConfig
信息: created /update: solr.XmlUpdateRequestHandler
2012-10-13 6:20:17 org.apache.solr.core.RequestHandlers initHandlersFromConfig
信息: created /analysis: solr.AnalysisRequestHandler
2012-10-13 6:20:17 org.apache.solr.core.RequestHandlers initHandlersFromConfig
信息: adding lazy requestHandler: solr.CSVRequestHandler
2012-10-13 6:20:17 org.apache.solr.core.RequestHandlers initHandlersFromConfig
信息: created /update/csv: solr.CSVRequestHandler
2012-10-13 6:20:17 org.apache.solr.core.RequestHandlers initHandlersFromConfig
信息: created /admin/: org.apache.solr.handler.admin.AdminHandlers
2012-10-13 6:20:17 org.apache.solr.core.RequestHandlers initHandlersFromConfig
信息: created /admin/ping: PingRequestHandler
2012-10-13 6:20:17 org.apache.solr.core.RequestHandlers initHandlersFromConfig
信息: created /debug/dump: solr.DumpRequestHandler
2012-10-13 6:20:17 org.apache.solr.core.RequestHandlers initHandlersFromConfig
信息: created geo: com.pjaol.search.solr.LocalSolrRequestHandler
2012-10-13 6:20:17 org.apache.solr.core.RequestHandlers initHandlersFromConfig
信息: created /replication: solr.ReplicationHandler
2012-10-13 6:20:17 org.apache.solr.search.SolrIndexSearcher <init>
信息: Opening Searcher@3a4c5b4 main
2012-10-13 6:20:17 org.apache.solr.update.DirectUpdateHandler2$CommitTracker <init>
信息: AutoCommit: disabled
2012-10-13 6:20:17 org.apache.solr.handler.component.SpellCheckComponent inform
信息: Initializing spell checkers
2012-10-13 6:20:17 org.apache.solr.spelling.AbstractLuceneSpellChecker init
信息: Using WhitespaceAnalzyer for dictionary: default
2012-10-13 6:20:17 org.apache.solr.handler.component.SpellCheckComponent inform
信息: Registering newSearcher listener for spellchecker: default
2012-10-13 6:20:17 org.apache.solr.handler.component.SpellCheckComponent inform
警告: No queryConverter defined, using default converter
2012-10-13 6:20:17 org.apache.solr.handler.component.QueryElevationComponent inform
信息: Loading QueryElevation from: /var/zh-solr-se/solr/solr/core-chinese/conf/elevate.xml
2012-10-13 6:20:17 org.apache.solr.handler.component.SearchHandler inform
信息: Adding  component:org.apache.solr.handler.component.QueryComponent@5e2c17f7
2012-10-13 6:20:17 org.apache.solr.handler.component.SearchHandler inform
信息: Adding  component:org.apache.solr.handler.component.FacetComponent@20d9896e
2012-10-13 6:20:17 org.apache.solr.handler.component.SearchHandler inform
信息: Adding  component:org.apache.solr.handler.component.MoreLikeThisComponent@29cda59b
2012-10-13 6:20:17 org.apache.solr.handler.component.SearchHandler inform
信息: Adding  component:org.apache.solr.handler.component.HighlightComponent@7c33788d
2012-10-13 6:20:17 org.apache.solr.handler.component.SearchHandler inform
信息: Adding  component:org.apache.solr.handler.component.StatsComponent@172fb0af
2012-10-13 6:20:17 org.apache.solr.handler.component.SearchHandler inform
信息: Adding  component:org.apache.solr.handler.component.SpellCheckComponent@3bf8bd0d
2012-10-13 6:20:17 org.apache.solr.handler.component.SearchHandler inform
信息: Adding  debug component:org.apache.solr.handler.component.DebugComponent@4743bf3d
2012-10-13 6:20:17 org.apache.solr.handler.component.SearchHandler inform
信息: Adding  component:org.apache.solr.handler.component.QueryComponent@5e2c17f7
2012-10-13 6:20:17 org.apache.solr.handler.component.SearchHandler inform
信息: Adding  component:org.apache.solr.handler.component.FacetComponent@20d9896e
2012-10-13 6:20:17 org.apache.solr.handler.component.SearchHandler inform
信息: Adding  component:org.apache.solr.handler.component.MoreLikeThisComponent@29cda59b
2012-10-13 6:20:17 org.apache.solr.handler.component.SearchHandler inform
信息: Adding  component:org.apache.solr.handler.component.HighlightComponent@7c33788d
2012-10-13 6:20:17 org.apache.solr.handler.component.SearchHandler inform
信息: Adding  component:org.apache.solr.handler.component.StatsComponent@172fb0af
2012-10-13 6:20:17 org.apache.solr.handler.component.SearchHandler inform
信息: Adding  debug component:org.apache.solr.handler.component.DebugComponent@4743bf3d
2012-10-13 6:20:17 org.apache.solr.handler.component.SearchHandler inform
信息: Adding  component:org.apache.solr.handler.component.QueryComponent@5e2c17f7
2012-10-13 6:20:17 org.apache.solr.handler.component.SearchHandler inform
信息: Adding  component:org.apache.solr.handler.component.FacetComponent@20d9896e
2012-10-13 6:20:17 org.apache.solr.handler.component.SearchHandler inform
信息: Adding  component:org.apache.solr.handler.component.MoreLikeThisComponent@29cda59b
2012-10-13 6:20:17 org.apache.solr.handler.component.SearchHandler inform
信息: Adding  component:org.apache.solr.handler.component.HighlightComponent@7c33788d
2012-10-13 6:20:17 org.apache.solr.handler.component.SearchHandler inform
信息: Adding  component:org.apache.solr.handler.component.StatsComponent@172fb0af
2012-10-13 6:20:17 org.apache.solr.handler.component.SearchHandler inform
信息: Adding  debug component:org.apache.solr.handler.component.DebugComponent@4743bf3d
2012-10-13 6:20:17 com.pjaol.search.solr.component.LocalSolrQueryComponent <init>
信息: Setting latField to lat setting lngField to lng
2012-10-13 6:20:17 org.apache.solr.core.QuerySenderListener newSearcher
信息: QuerySenderListener sending requests to Searcher@3a4c5b4 main
2012-10-13 6:20:17 org.apache.solr.core.CoreContainer register
信息: registering core: core-chinese
2012-10-13 6:20:17 org.apache.solr.servlet.SolrDispatchFilter init
信息: user.dir=/var/zh-solr-se/solr
2012-10-13 6:20:17 org.apache.solr.servlet.SolrDispatchFilter init
信息: SolrDispatchFilter.init() done
2012-10-13 6:20:17 org.apache.solr.servlet.SolrServlet init
信息: SolrServlet.init()
2012-10-13 6:20:17 org.apache.solr.core.SolrResourceLoader locateSolrHome
信息: JNDI not configured for solr (NoInitialContextEx)
2012-10-13 6:20:17 org.apache.solr.core.SolrResourceLoader locateSolrHome
信息: using system property solr.solr.home: /var/zh-solr-se/solr/solr
2012-10-13 6:20:17 org.apache.solr.servlet.SolrServlet init
信息: SolrServlet.init() done
2012-10-13 6:20:17 org.apache.solr.core.SolrResourceLoader locateSolrHome
信息: JNDI not configured for solr (NoInitialContextEx)
2012-10-13 6:20:17 org.apache.solr.core.SolrResourceLoader locateSolrHome
信息: using system property solr.solr.home: /var/zh-solr-se/solr/solr
2012-10-13 6:20:17 org.apache.solr.servlet.SolrUpdateServlet init
信息: SolrUpdateServlet.init() done
2012-10-13 6:20:17 sun.reflect.NativeMethodAccessorImpl invoke0
信息: Started SocketConnector @ 0.0.0.0:8983
2012-10-13 6:20:17 net.paoding.analysis.knife.PaodingMaker getProperties
信息: config paoding analysis from: /var/zh-solr-se/solr/file:/var/zh-solr-se/solr/work/Jetty_0_0_0_0_8983_solr.war__solr__k1kf17/webapp/WEB-INF/lib/zh-solr-se-solr-paoding-analysis-0.1.jar!/paoding-analysis.properties;/var/zh-solr-se/solr/file:/var/zh-solr-se/solr/work/Jetty_0_0_0_0_8983_solr.war__solr__k1kf17/webapp/WEB-INF/lib/zh-solr-se-solr-paoding-analysis-0.1.jar!/paoding-analysis-default.properties;/var/zh-solr-se/solr/file:/var/zh-solr-se/solr/work/Jetty_0_0_0_0_8983_solr.war__solr__k1kf17/webapp/WEB-INF/lib/zh-solr-se-solr-paoding-analysis-0.1.jar!/paoding-analyzer.properties;/var/zh-solr-se/solr/file:/var/zh-solr-se/solr/work/Jetty_0_0_0_0_8983_solr.war__solr__k1kf17/webapp/WEB-INF/lib/zh-solr-se-solr-paoding-analysis-0.1.jar!/paoding-dic-home.properties;/var/zh-solr-se/solr/dic/paoding-dic-names.properties;/var/zh-solr-se/solr/file:/var/zh-solr-se/solr/work/Jetty_0_0_0_0_8983_solr.war__solr__k1kf17/webapp/WEB-INF/lib/zh-solr-se-solr-paoding-analysis-0.1.jar!/paoding-knives.properties;/var/zh-solr-se/solr/file:/var/zh-solr-se/solr/work/Jetty_0_0_0_0_8983_solr.war__solr__k1kf17/webapp/WEB-INF/lib/zh-solr-se-solr-paoding-analysis-0.1.jar!/paoding-knives-user.properties
2012-10-13 6:20:17 net.paoding.analysis.knife.PaodingMaker createPaodingWithKnives
信息: add knike: net.paoding.analysis.knife.CJKKnife
2012-10-13 6:20:17 net.paoding.analysis.knife.PaodingMaker createPaodingWithKnives
信息: add knike: net.paoding.analysis.knife.LetterKnife
2012-10-13 6:20:17 net.paoding.analysis.knife.PaodingMaker createPaodingWithKnives
信息: add knike: net.paoding.analysis.knife.NumberKnife
2012-10-13 6:20:17 net.paoding.analysis.knife.PaodingMaker createPaodingWithKnives
信息: add knike: net.paoding.analysis.knife.CJKKnife
2012-10-13 6:20:17 net.paoding.analysis.knife.PaodingMaker createPaodingWithKnives
信息: add knike: net.paoding.analysis.knife.LetterKnife
2012-10-13 6:20:17 net.paoding.analysis.knife.PaodingMaker createPaodingWithKnives
信息: add knike: net.paoding.analysis.knife.NumberKnife
2012-10-13 6:20:17 net.paoding.analysis.knife.FileDictionaries loadAllWordsIfNecessary
信息: loading dictionaries from /var/zh-solr-se/solr/dic
2012-10-13 6:20:18 net.paoding.analysis.knife.FileDictionaries loadAllWordsIfNecessary
信息: loaded success!
2012-10-13 6:20:19 org.apache.solr.core.SolrCore execute
信息: [core-chinese] webapp=null path=null params={start=0&event=firstSearcher&q=fast_warm&rows=10} hits=0 status=0 QTime=2063 
2012-10-13 6:20:19 org.apache.solr.core.QuerySenderListener newSearcher
信息: QuerySenderListener done.
2012-10-13 6:20:19 org.apache.solr.handler.component.SpellCheckComponent$SpellCheckerListener newSearcher
信息: Loading spell index for spellchecker: default
2012-10-13 6:20:19 org.apache.solr.core.SolrCore registerSearcher
信息: [core-chinese] Registered new searcher Searcher@3a4c5b4 main
2012-10-13 14:21:44 Stopping solr using command: /usr/bin/java  -Dsolr.solr.home=/var/zh-solr-se/solr/solr -Xms100M -Xmx200M -Duser.timezone=GMT -DSTOP.PORT=8984 -DSTOP.KEY=some-key  -jar start.jar --stop
2012-10-13 6:21:44 sun.reflect.NativeMethodAccessorImpl invoke0
信息: Shutdown hook executing
2012-10-13 15:21:21 Starting solr using command: /usr/bin/java  -Dsolr.solr.home=/var/zh-solr-se/solr/solr -Xms768M -Xmx2048M -Duser.timezone=GMT -DSTOP.PORT=8984 -DSTOP.KEY=some-key  -jar start.jar 
2012-10-13 7:21:22 sun.reflect.NativeMethodAccessorImpl invoke0
信息: Logging to org.slf4j.impl.JDK14LoggerAdapter(org.mortbay.log) via org.mortbay.log.Slf4jLog
2012-10-13 7:21:22 sun.reflect.NativeMethodAccessorImpl invoke0
信息: jetty-6.1.3
2012-10-13 7:21:22 sun.reflect.NativeMethodAccessorImpl invoke0
信息: Extract jar:file:/var/zh-solr-se/solr/webapps/solr.war!/ to /var/zh-solr-se/solr/work/Jetty_0_0_0_0_8983_solr.war__solr__k1kf17/webapp
2012-10-13 7:21:22 org.apache.solr.core.SolrResourceLoader locateSolrHome
信息: JNDI not configured for solr (NoInitialContextEx)
2012-10-13 7:21:22 org.apache.solr.core.SolrResourceLoader locateSolrHome
信息: using system property solr.solr.home: /var/zh-solr-se/solr/solr
2012-10-13 7:21:22 org.apache.solr.core.SolrResourceLoader <init>
信息: Solr home set to '/var/zh-solr-se/solr/solr/'
2012-10-13 7:21:22 org.apache.solr.core.SolrResourceLoader replaceClassLoader
信息: Adding 'file:/var/zh-solr-se/solr/solr/lib/mysql-connector-java-3.0.16-ga-bin.jar' to classloader
2012-10-13 7:21:22 org.apache.solr.core.SolrResourceLoader replaceClassLoader
信息: Adding 'file:/var/zh-solr-se/solr/solr/lib/localsolr.jar' to classloader
2012-10-13 7:21:22 org.apache.solr.core.SolrResourceLoader replaceClassLoader
信息: Adding 'file:/var/zh-solr-se/solr/solr/lib/locallucene.jar' to classloader
2012-10-13 7:21:22 org.apache.solr.core.SolrResourceLoader replaceClassLoader
信息: Adding 'file:/var/zh-solr-se/solr/solr/lib/gt2-referencing-2.3.1.jar' to classloader
2012-10-13 7:21:22 org.apache.solr.core.SolrResourceLoader replaceClassLoader
信息: Adding 'file:/var/zh-solr-se/solr/solr/lib/position-filter.jar' to classloader
2012-10-13 7:21:22 org.apache.solr.core.SolrResourceLoader replaceClassLoader
信息: Adding 'file:/var/zh-solr-se/solr/solr/lib/jsr108-0.01.jar' to classloader
2012-10-13 7:21:22 org.apache.solr.core.SolrResourceLoader replaceClassLoader
信息: Adding 'file:/var/zh-solr-se/solr/solr/lib/geoapi-nogenerics-2.1-M2.jar' to classloader
2012-10-13 7:21:22 org.apache.solr.servlet.SolrDispatchFilter init
信息: SolrDispatchFilter.init()
2012-10-13 7:21:22 org.apache.solr.core.SolrResourceLoader locateSolrHome
信息: JNDI not configured for solr (NoInitialContextEx)
2012-10-13 7:21:22 org.apache.solr.core.SolrResourceLoader locateSolrHome
信息: using system property solr.solr.home: /var/zh-solr-se/solr/solr
2012-10-13 7:21:22 org.apache.solr.core.CoreContainer$Initializer initialize
信息: looking for solr.xml: /var/zh-solr-se/solr/solr/solr.xml
2012-10-13 7:21:22 org.apache.solr.core.SolrResourceLoader locateSolrHome
信息: JNDI not configured for solr (NoInitialContextEx)
2012-10-13 7:21:22 org.apache.solr.core.SolrResourceLoader locateSolrHome
信息: using system property solr.solr.home: /var/zh-solr-se/solr/solr
2012-10-13 7:21:22 org.apache.solr.core.SolrResourceLoader <init>
信息: Solr home set to '/var/zh-solr-se/solr/solr/'
2012-10-13 7:21:22 org.apache.solr.core.SolrResourceLoader replaceClassLoader
信息: Adding 'file:/var/zh-solr-se/solr/solr/lib/mysql-connector-java-3.0.16-ga-bin.jar' to classloader
2012-10-13 7:21:22 org.apache.solr.core.SolrResourceLoader replaceClassLoader
信息: Adding 'file:/var/zh-solr-se/solr/solr/lib/localsolr.jar' to classloader
2012-10-13 7:21:22 org.apache.solr.core.SolrResourceLoader replaceClassLoader
信息: Adding 'file:/var/zh-solr-se/solr/solr/lib/locallucene.jar' to classloader
2012-10-13 7:21:22 org.apache.solr.core.SolrResourceLoader replaceClassLoader
信息: Adding 'file:/var/zh-solr-se/solr/solr/lib/gt2-referencing-2.3.1.jar' to classloader
2012-10-13 7:21:22 org.apache.solr.core.SolrResourceLoader replaceClassLoader
信息: Adding 'file:/var/zh-solr-se/solr/solr/lib/position-filter.jar' to classloader
2012-10-13 7:21:22 org.apache.solr.core.SolrResourceLoader replaceClassLoader
信息: Adding 'file:/var/zh-solr-se/solr/solr/lib/jsr108-0.01.jar' to classloader
2012-10-13 7:21:22 org.apache.solr.core.SolrResourceLoader replaceClassLoader
信息: Adding 'file:/var/zh-solr-se/solr/solr/lib/geoapi-nogenerics-2.1-M2.jar' to classloader
2012-10-13 7:21:22 org.apache.solr.core.CoreContainer load
信息: loading shared library: /var/zh-solr-se/solr/solr/lib
2012-10-13 7:21:22 org.apache.solr.core.SolrResourceLoader replaceClassLoader
信息: Adding 'file:/var/zh-solr-se/solr/solr/lib/mysql-connector-java-3.0.16-ga-bin.jar' to classloader
2012-10-13 7:21:22 org.apache.solr.core.SolrResourceLoader replaceClassLoader
信息: Adding 'file:/var/zh-solr-se/solr/solr/lib/localsolr.jar' to classloader
2012-10-13 7:21:22 org.apache.solr.core.SolrResourceLoader replaceClassLoader
信息: Adding 'file:/var/zh-solr-se/solr/solr/lib/locallucene.jar' to classloader
2012-10-13 7:21:22 org.apache.solr.core.SolrResourceLoader replaceClassLoader
信息: Adding 'file:/var/zh-solr-se/solr/solr/lib/gt2-referencing-2.3.1.jar' to classloader
2012-10-13 7:21:22 org.apache.solr.core.SolrResourceLoader replaceClassLoader
信息: Adding 'file:/var/zh-solr-se/solr/solr/lib/position-filter.jar' to classloader
2012-10-13 7:21:22 org.apache.solr.core.SolrResourceLoader replaceClassLoader
信息: Adding 'file:/var/zh-solr-se/solr/solr/lib/jsr108-0.01.jar' to classloader
2012-10-13 7:21:22 org.apache.solr.core.SolrResourceLoader replaceClassLoader
信息: Adding 'file:/var/zh-solr-se/solr/solr/lib/geoapi-nogenerics-2.1-M2.jar' to classloader
2012-10-13 7:21:22 org.apache.solr.core.SolrResourceLoader <init>
信息: Solr home set to '/var/zh-solr-se/solr/solr/core-chinese/'
2012-10-13 7:21:22 org.apache.solr.core.SolrConfig <init>
信息: Loaded SolrConfig: solrconfig.xml
2012-10-13 7:21:22 org.apache.solr.schema.IndexSchema readSchema
信息: Reading Solr Schema
2012-10-13 7:21:22 org.apache.solr.schema.IndexSchema readSchema
信息: Schema name=chinese
2012-10-13 7:21:22 org.apache.solr.util.plugin.AbstractPluginLoader load
信息: created string: org.apache.solr.schema.StrField
2012-10-13 7:21:22 org.apache.solr.util.plugin.AbstractPluginLoader load
信息: created boolean: org.apache.solr.schema.BoolField
2012-10-13 7:21:23 org.apache.solr.util.plugin.AbstractPluginLoader load
信息: created integer: org.apache.solr.schema.IntField
2012-10-13 7:21:23 org.apache.solr.util.plugin.AbstractPluginLoader load
信息: created long: org.apache.solr.schema.LongField
2012-10-13 7:21:23 org.apache.solr.util.plugin.AbstractPluginLoader load
信息: created float: org.apache.solr.schema.FloatField
2012-10-13 7:21:23 org.apache.solr.util.plugin.AbstractPluginLoader load
信息: created double: org.apache.solr.schema.DoubleField
2012-10-13 7:21:23 org.apache.solr.util.plugin.AbstractPluginLoader load
信息: created sint: org.apache.solr.schema.SortableIntField
2012-10-13 7:21:23 org.apache.solr.util.plugin.AbstractPluginLoader load
信息: created slong: org.apache.solr.schema.SortableLongField
2012-10-13 7:21:23 org.apache.solr.util.plugin.AbstractPluginLoader load
信息: created sfloat: org.apache.solr.schema.SortableFloatField
2012-10-13 7:21:23 org.apache.solr.util.plugin.AbstractPluginLoader load
信息: created sdouble: org.apache.solr.schema.SortableDoubleField
2012-10-13 7:21:23 org.apache.solr.util.plugin.AbstractPluginLoader load
信息: created date: org.apache.solr.schema.DateField
2012-10-13 7:21:23 org.apache.solr.util.plugin.AbstractPluginLoader load
信息: created random: org.apache.solr.schema.RandomSortField
2012-10-13 7:21:23 org.apache.solr.util.plugin.AbstractPluginLoader load
信息: created null: org.apache.solr.analysis.WhitespaceTokenizerFactory
2012-10-13 7:21:23 org.apache.solr.util.plugin.AbstractPluginLoader load
信息: created text_ws: org.apache.solr.schema.TextField
2012-10-13 7:21:23 org.apache.solr.util.plugin.AbstractPluginLoader load
信息: created null: net.paoding.analysis.analyzer.ChineseTokenizerFactory
2012-10-13 7:21:23 org.apache.solr.util.plugin.AbstractPluginLoader load
信息: created null: org.apache.solr.analysis.SynonymFilterFactory
2012-10-13 7:21:23 org.apache.solr.util.plugin.AbstractPluginLoader load
信息: created null: org.apache.solr.analysis.StopFilterFactory
2012-10-13 7:21:23 org.apache.solr.util.plugin.AbstractPluginLoader load
信息: created null: org.apache.solr.analysis.WordDelimiterFilterFactory
2012-10-13 7:21:23 org.apache.solr.util.plugin.AbstractPluginLoader load
信息: created null: org.apache.solr.analysis.LowerCaseFilterFactory
2012-10-13 7:21:23 org.apache.solr.util.plugin.AbstractPluginLoader load
信息: created null: org.apache.solr.analysis.EnglishPorterFilterFactory
2012-10-13 7:21:23 org.apache.solr.util.plugin.AbstractPluginLoader load
信息: created null: org.apache.solr.analysis.RemoveDuplicatesTokenFilterFactory
2012-10-13 7:21:23 org.apache.solr.util.plugin.AbstractPluginLoader load
信息: created null: net.paoding.analysis.analyzer.ChineseTokenizerFactory
2012-10-13 7:21:23 org.apache.solr.util.plugin.AbstractPluginLoader load
信息: created null: org.apache.solr.analysis.StopFilterFactory
2012-10-13 7:21:23 org.apache.solr.util.plugin.AbstractPluginLoader load
信息: created null: org.apache.solr.analysis.WordDelimiterFilterFactory
2012-10-13 7:21:23 org.apache.solr.util.plugin.AbstractPluginLoader load
信息: created null: org.apache.solr.analysis.LowerCaseFilterFactory
2012-10-13 7:21:23 org.apache.solr.util.plugin.AbstractPluginLoader load
信息: created null: org.apache.solr.analysis.EnglishPorterFilterFactory
2012-10-13 7:21:23 org.apache.solr.util.plugin.AbstractPluginLoader load
信息: created null: org.apache.solr.analysis.RemoveDuplicatesTokenFilterFactory
2012-10-13 7:21:23 org.apache.solr.util.plugin.AbstractPluginLoader load
信息: created text: org.apache.solr.schema.TextField
2012-10-13 7:21:23 org.apache.solr.util.plugin.AbstractPluginLoader load
信息: created null: org.apache.solr.analysis.WhitespaceTokenizerFactory
2012-10-13 7:21:23 org.apache.solr.util.plugin.AbstractPluginLoader load
信息: created null: org.apache.solr.analysis.PatternReplaceFilterFactory
2012-10-13 7:21:23 org.apache.solr.util.plugin.AbstractPluginLoader load
信息: created null: org.apache.solr.analysis.LowerCaseFilterFactory
2012-10-13 7:21:23 org.apache.solr.util.plugin.AbstractPluginLoader load
信息: created null: org.apache.solr.analysis.EnglishPorterFilterFactory
2012-10-13 7:21:23 org.apache.solr.util.plugin.AbstractPluginLoader load
信息: created null: org.apache.solr.analysis.WhitespaceTokenizerFactory
2012-10-13 7:21:23 org.apache.solr.util.plugin.AbstractPluginLoader load
信息: created null: org.apache.solr.analysis.PatternReplaceFilterFactory
2012-10-13 7:21:23 org.apache.solr.util.plugin.AbstractPluginLoader load
信息: created null: org.apache.solr.analysis.LowerCaseFilterFactory
2012-10-13 7:21:23 org.apache.solr.util.plugin.AbstractPluginLoader load
信息: created null: org.apache.solr.analysis.EnglishPorterFilterFactory
2012-10-13 7:21:23 org.apache.solr.util.plugin.AbstractPluginLoader load
信息: created exact_match_contains: org.apache.solr.schema.TextField
2012-10-13 7:21:23 org.apache.solr.util.plugin.AbstractPluginLoader load
信息: created null: org.apache.solr.analysis.KeywordTokenizerFactory
2012-10-13 7:21:23 org.apache.solr.util.plugin.AbstractPluginLoader load
信息: created null: org.apache.solr.analysis.LowerCaseFilterFactory
2012-10-13 7:21:23 org.apache.solr.util.plugin.AbstractPluginLoader load
信息: created null: org.apache.solr.analysis.EnglishPorterFilterFactory
2012-10-13 7:21:23 org.apache.solr.util.plugin.AbstractPluginLoader load
信息: created null: org.apache.solr.analysis.KeywordTokenizerFactory
2012-10-13 7:21:23 org.apache.solr.util.plugin.AbstractPluginLoader load
信息: created null: org.apache.solr.analysis.LowerCaseFilterFactory
2012-10-13 7:21:23 org.apache.solr.util.plugin.AbstractPluginLoader load
信息: created null: org.apache.solr.analysis.EnglishPorterFilterFactory
2012-10-13 7:21:23 org.apache.solr.util.plugin.AbstractPluginLoader load
信息: created exact_match_equals: org.apache.solr.schema.TextField
2012-10-13 7:21:23 org.apache.solr.util.plugin.AbstractPluginLoader load
信息: created null: org.apache.solr.analysis.WhitespaceTokenizerFactory
2012-10-13 7:21:23 org.apache.solr.util.plugin.AbstractPluginLoader load
信息: created null: org.apache.solr.analysis.SynonymFilterFactory
2012-10-13 7:21:23 org.apache.solr.util.plugin.AbstractPluginLoader load
信息: created null: org.apache.solr.analysis.StopFilterFactory
2012-10-13 7:21:23 org.apache.solr.util.plugin.AbstractPluginLoader load
信息: created null: org.apache.solr.analysis.WordDelimiterFilterFactory
2012-10-13 7:21:23 org.apache.solr.util.plugin.AbstractPluginLoader load
信息: created null: org.apache.solr.analysis.LowerCaseFilterFactory
2012-10-13 7:21:23 org.apache.solr.util.plugin.AbstractPluginLoader load
信息: created null: org.apache.solr.analysis.EnglishPorterFilterFactory
2012-10-13 7:21:23 org.apache.solr.util.plugin.AbstractPluginLoader load
信息: created null: org.apache.solr.analysis.RemoveDuplicatesTokenFilterFactory
2012-10-13 7:21:23 org.apache.solr.util.plugin.AbstractPluginLoader load
信息: created textTight: org.apache.solr.schema.TextField
2012-10-13 7:21:23 org.apache.solr.util.plugin.AbstractPluginLoader load
信息: created null: org.apache.solr.analysis.WhitespaceTokenizerFactory
2012-10-13 7:21:23 org.apache.solr.util.plugin.AbstractPluginLoader load
信息: created null: org.apache.solr.analysis.SynonymFilterFactory
2012-10-13 7:21:23 org.apache.solr.util.plugin.AbstractPluginLoader load
信息: created null: org.apache.solr.analysis.StopFilterFactory
2012-10-13 7:21:23 org.apache.solr.util.plugin.AbstractPluginLoader load
信息: created null: org.apache.solr.analysis.WordDelimiterFilterFactory
2012-10-13 7:21:23 org.apache.solr.util.plugin.AbstractPluginLoader load
信息: created null: org.apache.solr.analysis.LowerCaseFilterFactory
2012-10-13 7:21:23 org.apache.solr.util.plugin.AbstractPluginLoader load
信息: created null: org.apache.solr.analysis.EnglishPorterFilterFactory
2012-10-13 7:21:23 org.apache.solr.util.plugin.AbstractPluginLoader load
信息: created null: org.apache.solr.analysis.RemoveDuplicatesTokenFilterFactory
2012-10-13 7:21:23 org.apache.solr.util.plugin.AbstractPluginLoader load
信息: created null: org.apache.solr.analysis.ShingleFilterFactory
2012-10-13 7:21:23 org.apache.solr.util.plugin.AbstractPluginLoader load
信息: created null: org.apache.solr.analysis.PositionFilterFactory
2012-10-13 7:21:23 org.apache.solr.util.plugin.AbstractPluginLoader load
信息: created null: org.apache.solr.analysis.WhitespaceTokenizerFactory
2012-10-13 7:21:23 org.apache.solr.util.plugin.AbstractPluginLoader load
信息: created null: org.apache.solr.analysis.StopFilterFactory
2012-10-13 7:21:23 org.apache.solr.util.plugin.AbstractPluginLoader load
信息: created null: org.apache.solr.analysis.WordDelimiterFilterFactory
2012-10-13 7:21:23 org.apache.solr.util.plugin.AbstractPluginLoader load
信息: created null: org.apache.solr.analysis.LowerCaseFilterFactory
2012-10-13 7:21:23 org.apache.solr.util.plugin.AbstractPluginLoader load
信息: created null: org.apache.solr.analysis.EnglishPorterFilterFactory
2012-10-13 7:21:23 org.apache.solr.util.plugin.AbstractPluginLoader load
信息: created null: org.apache.solr.analysis.RemoveDuplicatesTokenFilterFactory
2012-10-13 7:21:23 org.apache.solr.util.plugin.AbstractPluginLoader load
信息: created shingleText: org.apache.solr.schema.TextField
2012-10-13 7:21:23 org.apache.solr.util.plugin.AbstractPluginLoader load
信息: created null: org.apache.solr.analysis.StandardTokenizerFactory
2012-10-13 7:21:23 org.apache.solr.util.plugin.AbstractPluginLoader load
信息: created null: org.apache.solr.analysis.LowerCaseFilterFactory
2012-10-13 7:21:23 org.apache.solr.util.plugin.AbstractPluginLoader load
信息: created null: org.apache.solr.analysis.RemoveDuplicatesTokenFilterFactory
2012-10-13 7:21:23 org.apache.solr.util.plugin.AbstractPluginLoader load
信息: created textSpell: org.apache.solr.schema.TextField
2012-10-13 7:21:23 org.apache.solr.util.plugin.AbstractPluginLoader load
信息: created null: org.apache.solr.analysis.KeywordTokenizerFactory
2012-10-13 7:21:23 org.apache.solr.util.plugin.AbstractPluginLoader load
信息: created null: org.apache.solr.analysis.LowerCaseFilterFactory
2012-10-13 7:21:23 org.apache.solr.util.plugin.AbstractPluginLoader load
信息: created null: org.apache.solr.analysis.TrimFilterFactory
2012-10-13 7:21:23 org.apache.solr.util.plugin.AbstractPluginLoader load
信息: created null: org.apache.solr.analysis.PatternReplaceFilterFactory
2012-10-13 7:21:23 org.apache.solr.util.plugin.AbstractPluginLoader load
信息: created alphaOnlySort: org.apache.solr.schema.TextField
2012-10-13 7:21:23 org.apache.solr.util.plugin.AbstractPluginLoader load
信息: created ignored: org.apache.solr.schema.StrField
2012-10-13 7:21:23 org.apache.solr.schema.IndexSchema readSchema
信息: default search field is chinese_content
2012-10-13 7:21:23 org.apache.solr.schema.IndexSchema readSchema
信息: query parser default operator is OR
2012-10-13 7:21:23 org.apache.solr.schema.IndexSchema readSchema
信息: unique key field: chinese_id
2012-10-13 7:21:23 org.apache.solr.core.SolrCore <init>
信息: [core-chinese] Opening new SolrCore at /var/zh-solr-se/solr/solr/core-chinese/, dataDir=./solr/core-chinese/data/
2012-10-13 7:21:23 org.apache.solr.core.JmxMonitoredMap <init>
信息: No JMX servers found, not exposing Solr information with JMX.
2012-10-13 7:21:23 org.apache.solr.core.SolrCore initListeners
信息: [core-chinese] Added SolrEventListener: org.apache.solr.core.QuerySenderListener{queries=[{q=fs,start=0,rows=10}]}
2012-10-13 7:21:23 org.apache.solr.core.SolrCore initListeners
信息: [core-chinese] Added SolrEventListener: org.apache.solr.core.QuerySenderListener{queries=[{q=fast_warm,start=0,rows=10}]}
2012-10-13 7:21:23 org.apache.solr.core.RequestHandlers initHandlersFromConfig
信息: created standard: solr.SearchHandler
2012-10-13 7:21:23 org.apache.solr.core.RequestHandlers initHandlersFromConfig
信息: created dismax: solr.SearchHandler
2012-10-13 7:21:23 org.apache.solr.core.RequestHandlers initHandlersFromConfig
信息: adding lazy requestHandler: solr.SearchHandler
2012-10-13 7:21:23 org.apache.solr.core.RequestHandlers initHandlersFromConfig
信息: created /elevate: solr.SearchHandler
2012-10-13 7:21:23 org.apache.solr.core.RequestHandlers initHandlersFromConfig
信息: created /update: solr.XmlUpdateRequestHandler
2012-10-13 7:21:23 org.apache.solr.core.RequestHandlers initHandlersFromConfig
信息: created /analysis: solr.AnalysisRequestHandler
2012-10-13 7:21:23 org.apache.solr.core.RequestHandlers initHandlersFromConfig
信息: adding lazy requestHandler: solr.CSVRequestHandler
2012-10-13 7:21:23 org.apache.solr.core.RequestHandlers initHandlersFromConfig
信息: created /update/csv: solr.CSVRequestHandler
2012-10-13 7:21:23 org.apache.solr.core.RequestHandlers initHandlersFromConfig
信息: created /admin/: org.apache.solr.handler.admin.AdminHandlers
2012-10-13 7:21:23 org.apache.solr.core.RequestHandlers initHandlersFromConfig
信息: created /admin/ping: PingRequestHandler
2012-10-13 7:21:23 org.apache.solr.core.RequestHandlers initHandlersFromConfig
信息: created /debug/dump: solr.DumpRequestHandler
2012-10-13 7:21:23 org.apache.solr.core.RequestHandlers initHandlersFromConfig
信息: created geo: com.pjaol.search.solr.LocalSolrRequestHandler
2012-10-13 7:21:23 org.apache.solr.core.RequestHandlers initHandlersFromConfig
信息: created /replication: solr.ReplicationHandler
2012-10-13 7:21:23 org.apache.solr.search.SolrIndexSearcher <init>
信息: Opening Searcher@2a313170 main
2012-10-13 7:21:23 org.apache.solr.update.DirectUpdateHandler2$CommitTracker <init>
信息: AutoCommit: disabled
2012-10-13 7:21:23 org.apache.solr.handler.component.SpellCheckComponent inform
信息: Initializing spell checkers
2012-10-13 7:21:23 org.apache.solr.spelling.AbstractLuceneSpellChecker init
信息: Using WhitespaceAnalzyer for dictionary: default
2012-10-13 7:21:23 org.apache.solr.handler.component.SpellCheckComponent inform
信息: Registering newSearcher listener for spellchecker: default
2012-10-13 7:21:23 org.apache.solr.handler.component.SpellCheckComponent inform
警告: No queryConverter defined, using default converter
2012-10-13 7:21:23 org.apache.solr.handler.component.QueryElevationComponent inform
信息: Loading QueryElevation from: /var/zh-solr-se/solr/solr/core-chinese/conf/elevate.xml
2012-10-13 7:21:23 org.apache.solr.handler.component.SearchHandler inform
信息: Adding  component:org.apache.solr.handler.component.QueryComponent@11ae9aaa
2012-10-13 7:21:23 org.apache.solr.handler.component.SearchHandler inform
信息: Adding  component:org.apache.solr.handler.component.FacetComponent@5e2c17f7
2012-10-13 7:21:23 org.apache.solr.handler.component.SearchHandler inform
信息: Adding  component:org.apache.solr.handler.component.MoreLikeThisComponent@20d9896e
2012-10-13 7:21:23 org.apache.solr.handler.component.SearchHandler inform
信息: Adding  component:org.apache.solr.handler.component.HighlightComponent@29cda59b
2012-10-13 7:21:23 org.apache.solr.handler.component.SearchHandler inform
信息: Adding  component:org.apache.solr.handler.component.StatsComponent@7c33788d
2012-10-13 7:21:23 org.apache.solr.handler.component.SearchHandler inform
信息: Adding  component:org.apache.solr.handler.component.SpellCheckComponent@172fb0af
2012-10-13 7:21:23 org.apache.solr.handler.component.SearchHandler inform
信息: Adding  debug component:org.apache.solr.handler.component.DebugComponent@3bf8bd0d
2012-10-13 7:21:23 org.apache.solr.handler.component.SearchHandler inform
信息: Adding  component:org.apache.solr.handler.component.QueryComponent@11ae9aaa
2012-10-13 7:21:23 org.apache.solr.handler.component.SearchHandler inform
信息: Adding  component:org.apache.solr.handler.component.FacetComponent@5e2c17f7
2012-10-13 7:21:23 org.apache.solr.handler.component.SearchHandler inform
信息: Adding  component:org.apache.solr.handler.component.MoreLikeThisComponent@20d9896e
2012-10-13 7:21:23 org.apache.solr.handler.component.SearchHandler inform
信息: Adding  component:org.apache.solr.handler.component.HighlightComponent@29cda59b
2012-10-13 7:21:23 org.apache.solr.handler.component.SearchHandler inform
信息: Adding  component:org.apache.solr.handler.component.StatsComponent@7c33788d
2012-10-13 7:21:23 org.apache.solr.handler.component.SearchHandler inform
信息: Adding  debug component:org.apache.solr.handler.component.DebugComponent@3bf8bd0d
2012-10-13 7:21:23 org.apache.solr.handler.component.SearchHandler inform
信息: Adding  component:org.apache.solr.handler.component.QueryComponent@11ae9aaa
2012-10-13 7:21:23 org.apache.solr.handler.component.SearchHandler inform
信息: Adding  component:org.apache.solr.handler.component.FacetComponent@5e2c17f7
2012-10-13 7:21:23 org.apache.solr.handler.component.SearchHandler inform
信息: Adding  component:org.apache.solr.handler.component.MoreLikeThisComponent@20d9896e
2012-10-13 7:21:23 org.apache.solr.handler.component.SearchHandler inform
信息: Adding  component:org.apache.solr.handler.component.HighlightComponent@29cda59b
2012-10-13 7:21:23 org.apache.solr.handler.component.SearchHandler inform
信息: Adding  component:org.apache.solr.handler.component.StatsComponent@7c33788d
2012-10-13 7:21:23 org.apache.solr.handler.component.SearchHandler inform
信息: Adding  debug component:org.apache.solr.handler.component.DebugComponent@3bf8bd0d
2012-10-13 7:21:23 com.pjaol.search.solr.component.LocalSolrQueryComponent <init>
信息: Setting latField to lat setting lngField to lng
2012-10-13 7:21:23 org.apache.solr.core.QuerySenderListener newSearcher
信息: QuerySenderListener sending requests to Searcher@2a313170 main
2012-10-13 7:21:23 org.apache.solr.core.CoreContainer register
信息: registering core: core-chinese
2012-10-13 7:21:23 org.apache.solr.servlet.SolrDispatchFilter init
信息: user.dir=/var/zh-solr-se/solr
2012-10-13 7:21:23 org.apache.solr.servlet.SolrDispatchFilter init
信息: SolrDispatchFilter.init() done
2012-10-13 7:21:23 org.apache.solr.servlet.SolrServlet init
信息: SolrServlet.init()
2012-10-13 7:21:23 org.apache.solr.core.SolrResourceLoader locateSolrHome
信息: JNDI not configured for solr (NoInitialContextEx)
2012-10-13 7:21:23 org.apache.solr.core.SolrResourceLoader locateSolrHome
信息: using system property solr.solr.home: /var/zh-solr-se/solr/solr
2012-10-13 7:21:23 org.apache.solr.servlet.SolrServlet init
信息: SolrServlet.init() done
2012-10-13 7:21:23 org.apache.solr.core.SolrResourceLoader locateSolrHome
信息: JNDI not configured for solr (NoInitialContextEx)
2012-10-13 7:21:23 net.paoding.analysis.knife.PaodingMaker getProperties
信息: config paoding analysis from: /var/zh-solr-se/solr/file:/var/zh-solr-se/solr/work/Jetty_0_0_0_0_8983_solr.war__solr__k1kf17/webapp/WEB-INF/lib/zh-solr-se-solr-paoding-analysis-0.1.jar!/paoding-analysis.properties;/var/zh-solr-se/solr/file:/var/zh-solr-se/solr/work/Jetty_0_0_0_0_8983_solr.war__solr__k1kf17/webapp/WEB-INF/lib/zh-solr-se-solr-paoding-analysis-0.1.jar!/paoding-analysis-default.properties;/var/zh-solr-se/solr/file:/var/zh-solr-se/solr/work/Jetty_0_0_0_0_8983_solr.war__solr__k1kf17/webapp/WEB-INF/lib/zh-solr-se-solr-paoding-analysis-0.1.jar!/paoding-analyzer.properties;/var/zh-solr-se/solr/file:/var/zh-solr-se/solr/work/Jetty_0_0_0_0_8983_solr.war__solr__k1kf17/webapp/WEB-INF/lib/zh-solr-se-solr-paoding-analysis-0.1.jar!/paoding-dic-home.properties;/var/zh-solr-se/solr/dic/paoding-dic-names.properties;/var/zh-solr-se/solr/file:/var/zh-solr-se/solr/work/Jetty_0_0_0_0_8983_solr.war__solr__k1kf17/webapp/WEB-INF/lib/zh-solr-se-solr-paoding-analysis-0.1.jar!/paoding-knives.properties;/var/zh-solr-se/solr/file:/var/zh-solr-se/solr/work/Jetty_0_0_0_0_8983_solr.war__solr__k1kf17/webapp/WEB-INF/lib/zh-solr-se-solr-paoding-analysis-0.1.jar!/paoding-knives-user.properties
2012-10-13 7:21:23 org.apache.solr.core.SolrResourceLoader locateSolrHome
信息: using system property solr.solr.home: /var/zh-solr-se/solr/solr
2012-10-13 7:21:23 org.apache.solr.servlet.SolrUpdateServlet init
信息: SolrUpdateServlet.init() done
2012-10-13 7:21:23 net.paoding.analysis.knife.PaodingMaker createPaodingWithKnives
信息: add knike: net.paoding.analysis.knife.CJKKnife
2012-10-13 7:21:23 net.paoding.analysis.knife.PaodingMaker createPaodingWithKnives
信息: add knike: net.paoding.analysis.knife.LetterKnife
2012-10-13 7:21:23 net.paoding.analysis.knife.PaodingMaker createPaodingWithKnives
信息: add knike: net.paoding.analysis.knife.NumberKnife
2012-10-13 7:21:23 sun.reflect.NativeMethodAccessorImpl invoke0
信息: Started SocketConnector @ 0.0.0.0:8983
2012-10-13 7:21:23 net.paoding.analysis.knife.PaodingMaker createPaodingWithKnives
信息: add knike: net.paoding.analysis.knife.CJKKnife
2012-10-13 7:21:23 net.paoding.analysis.knife.PaodingMaker createPaodingWithKnives
信息: add knike: net.paoding.analysis.knife.LetterKnife
2012-10-13 7:21:23 net.paoding.analysis.knife.PaodingMaker createPaodingWithKnives
信息: add knike: net.paoding.analysis.knife.NumberKnife
2012-10-13 7:21:23 net.paoding.analysis.knife.FileDictionaries loadAllWordsIfNecessary
信息: loading dictionaries from /var/zh-solr-se/solr/dic
2012-10-13 7:21:23 net.paoding.analysis.knife.FileDictionaries loadAllWordsIfNecessary
信息: loaded success!
2012-10-13 7:21:25 org.apache.solr.core.SolrCore execute
信息: [core-chinese] webapp=null path=null params={start=0&event=firstSearcher&q=fast_warm&rows=10} hits=0 status=0 QTime=1939 
2012-10-13 7:21:25 org.apache.solr.core.QuerySenderListener newSearcher
信息: QuerySenderListener done.
2012-10-13 7:21:25 org.apache.solr.handler.component.SpellCheckComponent$SpellCheckerListener newSearcher
信息: Loading spell index for spellchecker: default
2012-10-13 7:21:25 org.apache.solr.core.SolrCore registerSearcher
信息: [core-chinese] Registered new searcher Searcher@2a313170 main
2012-10-13 7:21:33 org.apache.solr.core.SolrResourceLoader <init>
信息: Solr home set to '/var/zh-solr-se/solr/solr/core-chinese/'
2012-10-13 7:21:33 org.apache.solr.core.SolrConfig <init>
信息: Loaded SolrConfig: solrconfig.xml
2012-10-13 7:21:33 org.apache.solr.schema.IndexSchema readSchema
信息: Reading Solr Schema
2012-10-13 7:21:33 org.apache.solr.schema.IndexSchema readSchema
信息: Schema name=chinese
2012-10-13 7:21:33 org.apache.solr.util.plugin.AbstractPluginLoader load
信息: created string: org.apache.solr.schema.StrField
2012-10-13 7:21:33 org.apache.solr.util.plugin.AbstractPluginLoader load
信息: created boolean: org.apache.solr.schema.BoolField
2012-10-13 7:21:33 org.apache.solr.util.plugin.AbstractPluginLoader load
信息: created integer: org.apache.solr.schema.IntField
2012-10-13 7:21:33 org.apache.solr.util.plugin.AbstractPluginLoader load
信息: created long: org.apache.solr.schema.LongField
2012-10-13 7:21:33 org.apache.solr.util.plugin.AbstractPluginLoader load
信息: created float: org.apache.solr.schema.FloatField
2012-10-13 7:21:33 org.apache.solr.util.plugin.AbstractPluginLoader load
信息: created double: org.apache.solr.schema.DoubleField
2012-10-13 7:21:33 org.apache.solr.util.plugin.AbstractPluginLoader load
信息: created sint: org.apache.solr.schema.SortableIntField
2012-10-13 7:21:33 org.apache.solr.util.plugin.AbstractPluginLoader load
信息: created slong: org.apache.solr.schema.SortableLongField
2012-10-13 7:21:33 org.apache.solr.util.plugin.AbstractPluginLoader load
信息: created sfloat: org.apache.solr.schema.SortableFloatField
2012-10-13 7:21:33 org.apache.solr.util.plugin.AbstractPluginLoader load
信息: created sdouble: org.apache.solr.schema.SortableDoubleField
2012-10-13 7:21:33 org.apache.solr.util.plugin.AbstractPluginLoader load
信息: created date: org.apache.solr.schema.DateField
2012-10-13 7:21:33 org.apache.solr.util.plugin.AbstractPluginLoader load
信息: created random: org.apache.solr.schema.RandomSortField
2012-10-13 7:21:33 org.apache.solr.util.plugin.AbstractPluginLoader load
信息: created null: org.apache.solr.analysis.WhitespaceTokenizerFactory
2012-10-13 7:21:33 org.apache.solr.util.plugin.AbstractPluginLoader load
信息: created text_ws: org.apache.solr.schema.TextField
2012-10-13 7:21:33 org.apache.solr.util.plugin.AbstractPluginLoader load
信息: created null: net.paoding.analysis.analyzer.ChineseTokenizerFactory
2012-10-13 7:21:33 org.apache.solr.util.plugin.AbstractPluginLoader load
信息: created null: org.apache.solr.analysis.SynonymFilterFactory
2012-10-13 7:21:33 org.apache.solr.util.plugin.AbstractPluginLoader load
信息: created null: org.apache.solr.analysis.StopFilterFactory
2012-10-13 7:21:33 org.apache.solr.util.plugin.AbstractPluginLoader load
信息: created null: org.apache.solr.analysis.WordDelimiterFilterFactory
2012-10-13 7:21:33 org.apache.solr.util.plugin.AbstractPluginLoader load
信息: created null: org.apache.solr.analysis.LowerCaseFilterFactory
2012-10-13 7:21:33 org.apache.solr.util.plugin.AbstractPluginLoader load
信息: created null: org.apache.solr.analysis.EnglishPorterFilterFactory
2012-10-13 7:21:33 org.apache.solr.util.plugin.AbstractPluginLoader load
信息: created null: org.apache.solr.analysis.RemoveDuplicatesTokenFilterFactory
2012-10-13 7:21:33 org.apache.solr.util.plugin.AbstractPluginLoader load
信息: created null: net.paoding.analysis.analyzer.ChineseTokenizerFactory
2012-10-13 7:21:33 org.apache.solr.util.plugin.AbstractPluginLoader load
信息: created null: org.apache.solr.analysis.StopFilterFactory
2012-10-13 7:21:33 org.apache.solr.util.plugin.AbstractPluginLoader load
信息: created null: org.apache.solr.analysis.WordDelimiterFilterFactory
2012-10-13 7:21:33 org.apache.solr.util.plugin.AbstractPluginLoader load
信息: created null: org.apache.solr.analysis.LowerCaseFilterFactory
2012-10-13 7:21:33 org.apache.solr.util.plugin.AbstractPluginLoader load
信息: created null: org.apache.solr.analysis.EnglishPorterFilterFactory
2012-10-13 7:21:33 org.apache.solr.util.plugin.AbstractPluginLoader load
信息: created null: org.apache.solr.analysis.RemoveDuplicatesTokenFilterFactory
2012-10-13 7:21:33 org.apache.solr.util.plugin.AbstractPluginLoader load
信息: created text: org.apache.solr.schema.TextField
2012-10-13 7:21:33 org.apache.solr.util.plugin.AbstractPluginLoader load
信息: created null: org.apache.solr.analysis.WhitespaceTokenizerFactory
2012-10-13 7:21:33 org.apache.solr.util.plugin.AbstractPluginLoader load
信息: created null: org.apache.solr.analysis.PatternReplaceFilterFactory
2012-10-13 7:21:33 org.apache.solr.util.plugin.AbstractPluginLoader load
信息: created null: org.apache.solr.analysis.LowerCaseFilterFactory
2012-10-13 7:21:33 org.apache.solr.util.plugin.AbstractPluginLoader load
信息: created null: org.apache.solr.analysis.EnglishPorterFilterFactory
2012-10-13 7:21:33 org.apache.solr.util.plugin.AbstractPluginLoader load
信息: created null: org.apache.solr.analysis.WhitespaceTokenizerFactory
2012-10-13 7:21:33 org.apache.solr.util.plugin.AbstractPluginLoader load
信息: created null: org.apache.solr.analysis.PatternReplaceFilterFactory
2012-10-13 7:21:33 org.apache.solr.util.plugin.AbstractPluginLoader load
信息: created null: org.apache.solr.analysis.LowerCaseFilterFactory
2012-10-13 7:21:33 org.apache.solr.util.plugin.AbstractPluginLoader load
信息: created null: org.apache.solr.analysis.EnglishPorterFilterFactory
2012-10-13 7:21:33 org.apache.solr.util.plugin.AbstractPluginLoader load
信息: created exact_match_contains: org.apache.solr.schema.TextField
2012-10-13 7:21:33 org.apache.solr.util.plugin.AbstractPluginLoader load
信息: created null: org.apache.solr.analysis.KeywordTokenizerFactory
2012-10-13 7:21:33 org.apache.solr.util.plugin.AbstractPluginLoader load
信息: created null: org.apache.solr.analysis.LowerCaseFilterFactory
2012-10-13 7:21:33 org.apache.solr.util.plugin.AbstractPluginLoader load
信息: created null: org.apache.solr.analysis.EnglishPorterFilterFactory
2012-10-13 7:21:33 org.apache.solr.util.plugin.AbstractPluginLoader load
信息: created null: org.apache.solr.analysis.KeywordTokenizerFactory
2012-10-13 7:21:33 org.apache.solr.util.plugin.AbstractPluginLoader load
信息: created null: org.apache.solr.analysis.LowerCaseFilterFactory
2012-10-13 7:21:33 org.apache.solr.util.plugin.AbstractPluginLoader load
信息: created null: org.apache.solr.analysis.EnglishPorterFilterFactory
2012-10-13 7:21:33 org.apache.solr.util.plugin.AbstractPluginLoader load
信息: created exact_match_equals: org.apache.solr.schema.TextField
2012-10-13 7:21:33 org.apache.solr.util.plugin.AbstractPluginLoader load
信息: created null: org.apache.solr.analysis.WhitespaceTokenizerFactory
2012-10-13 7:21:33 org.apache.solr.util.plugin.AbstractPluginLoader load
信息: created null: org.apache.solr.analysis.SynonymFilterFactory
2012-10-13 7:21:33 org.apache.solr.util.plugin.AbstractPluginLoader load
信息: created null: org.apache.solr.analysis.StopFilterFactory
2012-10-13 7:21:33 org.apache.solr.util.plugin.AbstractPluginLoader load
信息: created null: org.apache.solr.analysis.WordDelimiterFilterFactory
2012-10-13 7:21:33 org.apache.solr.util.plugin.AbstractPluginLoader load
信息: created null: org.apache.solr.analysis.LowerCaseFilterFactory
2012-10-13 7:21:33 org.apache.solr.util.plugin.AbstractPluginLoader load
信息: created null: org.apache.solr.analysis.EnglishPorterFilterFactory
2012-10-13 7:21:33 org.apache.solr.util.plugin.AbstractPluginLoader load
信息: created null: org.apache.solr.analysis.RemoveDuplicatesTokenFilterFactory
2012-10-13 7:21:33 org.apache.solr.util.plugin.AbstractPluginLoader load
信息: created textTight: org.apache.solr.schema.TextField
2012-10-13 7:21:33 org.apache.solr.util.plugin.AbstractPluginLoader load
信息: created null: org.apache.solr.analysis.WhitespaceTokenizerFactory
2012-10-13 7:21:33 org.apache.solr.util.plugin.AbstractPluginLoader load
信息: created null: org.apache.solr.analysis.SynonymFilterFactory
2012-10-13 7:21:33 org.apache.solr.util.plugin.AbstractPluginLoader load
信息: created null: org.apache.solr.analysis.StopFilterFactory
2012-10-13 7:21:33 org.apache.solr.util.plugin.AbstractPluginLoader load
信息: created null: org.apache.solr.analysis.WordDelimiterFilterFactory
2012-10-13 7:21:33 org.apache.solr.util.plugin.AbstractPluginLoader load
信息: created null: org.apache.solr.analysis.LowerCaseFilterFactory
2012-10-13 7:21:33 org.apache.solr.util.plugin.AbstractPluginLoader load
信息: created null: org.apache.solr.analysis.EnglishPorterFilterFactory
2012-10-13 7:21:33 org.apache.solr.util.plugin.AbstractPluginLoader load
信息: created null: org.apache.solr.analysis.RemoveDuplicatesTokenFilterFactory
2012-10-13 7:21:33 org.apache.solr.util.plugin.AbstractPluginLoader load
信息: created null: org.apache.solr.analysis.ShingleFilterFactory
2012-10-13 7:21:33 org.apache.solr.util.plugin.AbstractPluginLoader load
信息: created null: org.apache.solr.analysis.PositionFilterFactory
2012-10-13 7:21:33 org.apache.solr.util.plugin.AbstractPluginLoader load
信息: created null: org.apache.solr.analysis.WhitespaceTokenizerFactory
2012-10-13 7:21:33 org.apache.solr.util.plugin.AbstractPluginLoader load
信息: created null: org.apache.solr.analysis.StopFilterFactory
2012-10-13 7:21:33 org.apache.solr.util.plugin.AbstractPluginLoader load
信息: created null: org.apache.solr.analysis.WordDelimiterFilterFactory
2012-10-13 7:21:33 org.apache.solr.util.plugin.AbstractPluginLoader load
信息: created null: org.apache.solr.analysis.LowerCaseFilterFactory
2012-10-13 7:21:33 org.apache.solr.util.plugin.AbstractPluginLoader load
信息: created null: org.apache.solr.analysis.EnglishPorterFilterFactory
2012-10-13 7:21:33 org.apache.solr.util.plugin.AbstractPluginLoader load
信息: created null: org.apache.solr.analysis.RemoveDuplicatesTokenFilterFactory
2012-10-13 7:21:33 org.apache.solr.util.plugin.AbstractPluginLoader load
信息: created shingleText: org.apache.solr.schema.TextField
2012-10-13 7:21:34 org.apache.solr.util.plugin.AbstractPluginLoader load
信息: created null: org.apache.solr.analysis.StandardTokenizerFactory
2012-10-13 7:21:34 org.apache.solr.util.plugin.AbstractPluginLoader load
信息: created null: org.apache.solr.analysis.LowerCaseFilterFactory
2012-10-13 7:21:34 org.apache.solr.util.plugin.AbstractPluginLoader load
信息: created null: org.apache.solr.analysis.RemoveDuplicatesTokenFilterFactory
2012-10-13 7:21:34 org.apache.solr.util.plugin.AbstractPluginLoader load
信息: created textSpell: org.apache.solr.schema.TextField
2012-10-13 7:21:34 org.apache.solr.util.plugin.AbstractPluginLoader load
信息: created null: org.apache.solr.analysis.KeywordTokenizerFactory
2012-10-13 7:21:34 org.apache.solr.util.plugin.AbstractPluginLoader load
信息: created null: org.apache.solr.analysis.LowerCaseFilterFactory
2012-10-13 7:21:34 org.apache.solr.util.plugin.AbstractPluginLoader load
信息: created null: org.apache.solr.analysis.TrimFilterFactory
2012-10-13 7:21:34 org.apache.solr.util.plugin.AbstractPluginLoader load
信息: created null: org.apache.solr.analysis.PatternReplaceFilterFactory
2012-10-13 7:21:34 org.apache.solr.util.plugin.AbstractPluginLoader load
信息: created alphaOnlySort: org.apache.solr.schema.TextField
2012-10-13 7:21:34 org.apache.solr.util.plugin.AbstractPluginLoader load
信息: created ignored: org.apache.solr.schema.StrField
2012-10-13 7:21:34 org.apache.solr.schema.IndexSchema readSchema
信息: default search field is chinese_content
2012-10-13 7:21:34 org.apache.solr.schema.IndexSchema readSchema
信息: query parser default operator is OR
2012-10-13 7:21:34 org.apache.solr.schema.IndexSchema readSchema
信息: unique key field: chinese_id
2012-10-13 7:21:34 org.apache.solr.core.SolrCore <init>
信息: [core-chinese] Opening new SolrCore at /var/zh-solr-se/solr/solr/core-chinese/, dataDir=./solr/core-chinese/data/
2012-10-13 7:21:34 org.apache.solr.core.JmxMonitoredMap <init>
信息: No JMX servers found, not exposing Solr information with JMX.
2012-10-13 7:21:34 org.apache.solr.core.SolrCore initListeners
信息: [core-chinese] Added SolrEventListener: org.apache.solr.core.QuerySenderListener{queries=[{q=fs,start=0,rows=10}]}
2012-10-13 7:21:34 org.apache.solr.core.SolrCore initListeners
信息: [core-chinese] Added SolrEventListener: org.apache.solr.core.QuerySenderListener{queries=[{q=fast_warm,start=0,rows=10}]}
2012-10-13 7:21:34 org.apache.solr.core.RequestHandlers initHandlersFromConfig
信息: created standard: solr.SearchHandler
2012-10-13 7:21:34 org.apache.solr.core.RequestHandlers initHandlersFromConfig
信息: created dismax: solr.SearchHandler
2012-10-13 7:21:34 org.apache.solr.core.RequestHandlers initHandlersFromConfig
信息: adding lazy requestHandler: solr.SearchHandler
2012-10-13 7:21:34 org.apache.solr.core.RequestHandlers initHandlersFromConfig
信息: created /elevate: solr.SearchHandler
2012-10-13 7:21:34 org.apache.solr.core.RequestHandlers initHandlersFromConfig
信息: created /update: solr.XmlUpdateRequestHandler
2012-10-13 7:21:34 org.apache.solr.core.RequestHandlers initHandlersFromConfig
信息: created /analysis: solr.AnalysisRequestHandler
2012-10-13 7:21:34 org.apache.solr.core.RequestHandlers initHandlersFromConfig
信息: adding lazy requestHandler: solr.CSVRequestHandler
2012-10-13 7:21:34 org.apache.solr.core.RequestHandlers initHandlersFromConfig
信息: created /update/csv: solr.CSVRequestHandler
2012-10-13 7:21:34 org.apache.solr.core.RequestHandlers initHandlersFromConfig
信息: created /admin/: org.apache.solr.handler.admin.AdminHandlers
2012-10-13 7:21:34 org.apache.solr.core.RequestHandlers initHandlersFromConfig
信息: created /admin/ping: PingRequestHandler
2012-10-13 7:21:34 org.apache.solr.core.RequestHandlers initHandlersFromConfig
信息: created /debug/dump: solr.DumpRequestHandler
2012-10-13 7:21:34 org.apache.solr.core.RequestHandlers initHandlersFromConfig
信息: created geo: com.pjaol.search.solr.LocalSolrRequestHandler
2012-10-13 7:21:34 org.apache.solr.core.RequestHandlers initHandlersFromConfig
信息: created /replication: solr.ReplicationHandler
2012-10-13 7:21:34 org.apache.solr.search.SolrIndexSearcher <init>
信息: Opening Searcher@3fb2d7df main
2012-10-13 7:21:34 org.apache.solr.update.DirectUpdateHandler2$CommitTracker <init>
信息: AutoCommit: disabled
2012-10-13 7:21:34 org.apache.solr.handler.component.SpellCheckComponent inform
信息: Initializing spell checkers
2012-10-13 7:21:34 org.apache.solr.spelling.AbstractLuceneSpellChecker init
信息: Using WhitespaceAnalzyer for dictionary: default
2012-10-13 7:21:34 org.apache.solr.handler.component.SpellCheckComponent inform
信息: Registering newSearcher listener for spellchecker: default
2012-10-13 7:21:34 org.apache.solr.handler.component.SpellCheckComponent inform
警告: No queryConverter defined, using default converter
2012-10-13 7:21:34 org.apache.solr.handler.component.QueryElevationComponent inform
信息: Loading QueryElevation from: /var/zh-solr-se/solr/solr/core-chinese/conf/elevate.xml
2012-10-13 7:21:34 org.apache.solr.handler.component.SearchHandler inform
信息: Adding  component:org.apache.solr.handler.component.QueryComponent@767a9224
2012-10-13 7:21:34 org.apache.solr.handler.component.SearchHandler inform
信息: Adding  component:org.apache.solr.handler.component.FacetComponent@6910b640
2012-10-13 7:21:34 org.apache.solr.handler.component.SearchHandler inform
信息: Adding  component:org.apache.solr.handler.component.MoreLikeThisComponent@482d59a3
2012-10-13 7:21:34 org.apache.solr.handler.component.SearchHandler inform
信息: Adding  component:org.apache.solr.handler.component.HighlightComponent@1958015a
2012-10-13 7:21:34 org.apache.solr.handler.component.SearchHandler inform
信息: Adding  component:org.apache.solr.handler.component.StatsComponent@60c0c8b5
2012-10-13 7:21:34 org.apache.solr.handler.component.SearchHandler inform
信息: Adding  component:org.apache.solr.handler.component.SpellCheckComponent@10b914b3
2012-10-13 7:21:34 org.apache.solr.handler.component.SearchHandler inform
信息: Adding  debug component:org.apache.solr.handler.component.DebugComponent@66fdfc58
2012-10-13 7:21:34 org.apache.solr.handler.component.SearchHandler inform
信息: Adding  component:org.apache.solr.handler.component.QueryComponent@767a9224
2012-10-13 7:21:34 org.apache.solr.handler.component.SearchHandler inform
信息: Adding  component:org.apache.solr.handler.component.FacetComponent@6910b640
2012-10-13 7:21:34 org.apache.solr.handler.component.SearchHandler inform
信息: Adding  component:org.apache.solr.handler.component.MoreLikeThisComponent@482d59a3
2012-10-13 7:21:34 org.apache.solr.handler.component.SearchHandler inform
信息: Adding  component:org.apache.solr.handler.component.HighlightComponent@1958015a
2012-10-13 7:21:34 org.apache.solr.handler.component.SearchHandler inform
信息: Adding  component:org.apache.solr.handler.component.StatsComponent@60c0c8b5
2012-10-13 7:21:34 org.apache.solr.handler.component.SearchHandler inform
信息: Adding  debug component:org.apache.solr.handler.component.DebugComponent@66fdfc58
2012-10-13 7:21:34 org.apache.solr.handler.component.SearchHandler inform
信息: Adding  component:org.apache.solr.handler.component.QueryComponent@767a9224
2012-10-13 7:21:34 org.apache.solr.handler.component.SearchHandler inform
信息: Adding  component:org.apache.solr.handler.component.FacetComponent@6910b640
2012-10-13 7:21:34 org.apache.solr.handler.component.SearchHandler inform
信息: Adding  component:org.apache.solr.handler.component.MoreLikeThisComponent@482d59a3
2012-10-13 7:21:34 org.apache.solr.handler.component.SearchHandler inform
信息: Adding  component:org.apache.solr.handler.component.HighlightComponent@1958015a
2012-10-13 7:21:34 org.apache.solr.handler.component.SearchHandler inform
信息: Adding  component:org.apache.solr.handler.component.StatsComponent@60c0c8b5
2012-10-13 7:21:34 org.apache.solr.handler.component.SearchHandler inform
信息: Adding  debug component:org.apache.solr.handler.component.DebugComponent@66fdfc58
2012-10-13 7:21:34 com.pjaol.search.solr.component.LocalSolrQueryComponent <init>
信息: Setting latField to lat setting lngField to lng
2012-10-13 7:21:34 org.apache.solr.core.QuerySenderListener newSearcher
信息: QuerySenderListener sending requests to Searcher@3fb2d7df main
2012-10-13 7:21:34 org.apache.solr.core.CoreContainer register
信息: replacing core: core-chinese
2012-10-13 7:21:34 org.apache.solr.core.SolrCore close
信息: [core-chinese]  CLOSING SolrCore org.apache.solr.core.SolrCore@2cc22a3b
2012-10-13 7:21:34 org.apache.solr.core.SolrCore closeSearcher
信息: [core-chinese] Closing main searcher on request.
2012-10-13 7:21:34 org.apache.solr.search.SolrIndexSearcher close
信息: Closing Searcher@2a313170 main
	fieldValueCache{lookups=0,hits=0,hitratio=0.00,inserts=0,evictions=0,size=0,warmupTime=0,cumulative_lookups=0,cumulative_hits=0,cumulative_hitratio=0.00,cumulative_inserts=0,cumulative_evictions=0}
	filterCache{lookups=0,hits=0,hitratio=0.00,inserts=0,evictions=0,size=0,warmupTime=0,cumulative_lookups=0,cumulative_hits=0,cumulative_hitratio=0.00,cumulative_inserts=0,cumulative_evictions=0}
	queryResultCache{lookups=0,hits=0,hitratio=0.00,inserts=1,evictions=1,size=0,warmupTime=0,cumulative_lookups=0,cumulative_hits=0,cumulative_hitratio=0.00,cumulative_inserts=0,cumulative_evictions=1}
	documentCache{lookups=0,hits=0,hitratio=0.00,inserts=0,evictions=0,size=0,warmupTime=0,cumulative_lookups=0,cumulative_hits=0,cumulative_hitratio=0.00,cumulative_inserts=0,cumulative_evictions=0}
2012-10-13 7:21:34 org.apache.solr.update.DirectUpdateHandler2 close
信息: closing DirectUpdateHandler2{commits=0,autocommits=0,optimizes=0,rollbacks=0,expungeDeletes=0,docsPending=0,adds=0,deletesById=0,deletesByQuery=0,errors=0,cumulative_adds=0,cumulative_deletesById=0,cumulative_deletesByQuery=0,cumulative_errors=0}
2012-10-13 7:21:34 org.apache.solr.update.DirectUpdateHandler2 close
信息: closed DirectUpdateHandler2{commits=0,autocommits=0,optimizes=0,rollbacks=0,expungeDeletes=0,docsPending=0,adds=0,deletesById=0,deletesByQuery=0,errors=0,cumulative_adds=0,cumulative_deletesById=0,cumulative_deletesByQuery=0,cumulative_errors=0}
2012-10-13 7:21:34 org.apache.solr.core.SolrCore execute
信息: [core-chinese] webapp=null path=null params={start=0&event=firstSearcher&q=fast_warm&rows=10} hits=0 status=0 QTime=8 
2012-10-13 7:21:34 org.apache.solr.core.QuerySenderListener newSearcher
信息: QuerySenderListener done.
2012-10-13 7:21:34 org.apache.solr.handler.component.SpellCheckComponent$SpellCheckerListener newSearcher
信息: Loading spell index for spellchecker: default
2012-10-13 7:21:34 org.apache.solr.core.SolrCore registerSearcher
信息: [core-chinese] Registered new searcher Searcher@3fb2d7df main
2012-10-13 7:22:25 net.paoding.analysis.knife.PaodingMaker createPaodingWithKnives
信息: add knike: net.paoding.analysis.knife.CJKKnife
2012-10-13 7:22:25 net.paoding.analysis.knife.PaodingMaker createPaodingWithKnives
信息: add knike: net.paoding.analysis.knife.LetterKnife
2012-10-13 7:22:25 net.paoding.analysis.knife.PaodingMaker createPaodingWithKnives
信息: add knike: net.paoding.analysis.knife.NumberKnife
2012-10-13 7:22:25 net.paoding.analysis.knife.FileDictionaries loadAllWordsIfNecessary
信息: loading dictionaries from /var/zh-solr-se/solr/dic
2012-10-13 7:22:25 net.paoding.analysis.knife.FileDictionaries loadAllWordsIfNecessary
信息: loaded success!
2012-10-13 7:22:26 net.paoding.analysis.dictionary.support.detection.Detector forceDetecting
信息: found differen for /var/zh-solr-se/solr/dic/.compiled/most-words-mode
2012-10-13 7:22:26 net.paoding.analysis.dictionary.support.detection.Detector forceDetecting
信息: modified=[x-unit.dic.compiled, x-confucian-family-name.dic.compiled, x-noise-word.dic.compiled, vocabulary.dic.compiled, x-noise-charactor.dic.compiled, x-for-combinatorics.dic.compiled, .metadata];newcome=[];deleted=[]
